<< [ConsoleOut:StormBit] Connecting to StormBit on port 6697...
<< [ConsoleOut:StormBit] Socket established, waiting for server to respond...
>> [ConsoleOut:StormBit] >> NICK Electron2
USER Electron2 0 * :Electron2 - the second coming. sounds ominous, huh?

<< [ConsoleOut:StormBit] Registered!
<< [ConsoleOut:[Bot Global]] Establishing listen socket for various bot commands.
<< [ConsoleOut:StormBit] Connecting to StormBit on port 6697...
<< [ConsoleOut:StormBit] Socket established, waiting for server to respond...
>> [ConsoleOut:StormBit] >> NICK Electron2
USER Electron2 0 * :Electron2 - the second coming. sounds ominous, huh?

<< [ConsoleOut:StormBit] Registered!
<< [ConsoleOut:[Bot Global]] Establishing listen socket for various bot commands.
<< [ConsoleOut:StormBit] Connecting to StormBit on port 6697...
<< [ConsoleOut:StormBit] Socket established, waiting for server to respond...
>> [ConsoleOut:StormBit] >> NICK Electron2
USER Electron2 0 * :Electron2 - the second coming. sounds ominous, huh?

<< [ConsoleOut:StormBit] Registered!
<< [ConsoleOut:[Bot Global]] Establishing listen socket for various bot commands.
<< [ConsoleOut:StormBit] Connecting to StormBit on port 6697...
<< [ConsoleOut:StormBit] Socket established, waiting for server to respond...
>> [ConsoleOut:StormBit] >> NICK Electron2
USER Electron2 0 * :Electron2 - the second coming. sounds ominous, huh?

<< [ConsoleOut:StormBit] Registered!
<< [ConsoleOut:[Bot Global]] Establishing listen socket for various bot commands.
<< [ConsoleOut:StormBit] Connecting to StormBit on port 6697...
<< [ConsoleOut:StormBit] Socket established, waiting for server to respond...
>> [ConsoleOut:StormBit] >> NICK Electron2
USER Electron2 0 * :Electron2 - the second coming. sounds ominous, huh?

<< [ConsoleOut:StormBit] Registered!
<< [ConsoleOut:[Bot Global]] Establishing listen socket for various bot commands.
<< [ConsoleOut:StormBit] Connecting to StormBit on port 6697...
<< [ConsoleOut:StormBit] Socket established, waiting for server to respond...
>> [ConsoleOut:StormBit] >> NICK Electron2
USER Electron2 0 * :Electron2 - the second coming. sounds ominous, huh?

<< [ConsoleOut:StormBit] Registered!
